Configuring ncurses-0.2.16...
Preprocessing library for ncurses-0.2.16..
Building library for ncurses-0.2.16..
[1 of 5] Compiling UI.NCurses.Compat ( lib/UI/NCurses/Compat.hs, .stack-work/dist/x86_64-linux/Cabal-2.4.0.1/build/UI/NCurses/Compat.o )

[;1mlib/UI/NCurses/Compat.hs:21:1: [;1m[35mwarning:[0m[0m[;1m [[;1m[35m-Wtabs[0m[0m[;1m][0m[0m[;1m
    Tab character found here, and in one further location.
    Please use spaces instead.[0m[0m
[;1m[34m   |[0m[0m
[;1m[34m21 |[0m[0m [;1m[35m        [0m[0m( void
[;1m[34m   |[0m[0m[;1m[35m ^^^^^^^^[0m[0m
[0m[0m[0m[2 of 5] Compiling UI.NCurses.Enums ( .stack-work/dist/x86_64-linux/Cabal-2.4.0.1/build/UI/NCurses/Enums.hs, .stack-work/dist/x86_64-linux/Cabal-2.4.0.1/build/UI/NCurses/Enums.o )

[;1mlib/UI/NCurses/Enums.chs:34:1: [;1m[35mwarning:[0m[0m[;1m [[;1m[35m-Wtabs[0m[0m[;1m][0m[0m[;1m
    Tab character found here, and in 15 further locations.
    Please use spaces instead.[0m[0m
[;1m[34m   |[0m[0m
[;1m[34m34 |[0m[0m [;1m[35m[0m[0m
[;1m[34m   |[0m[0m[;1m[35m ^^^^^^^^[0m[0m
[0m[0m[0m[3 of 5] Compiling UI.NCurses.Types ( lib/UI/NCurses/Types.hs, .stack-work/dist/x86_64-linux/Cabal-2.4.0.1/build/UI/NCurses/Types.o )

[;1mlib/UI/NCurses/Types.hs:37:1: [;1m[35mwarning:[0m[0m[;1m [[;1m[35m-Wtabs[0m[0m[;1m][0m[0m[;1m
    Tab character found here, and in 15 further locations.
    Please use spaces instead.[0m[0m
[;1m[34m   |[0m[0m
[;1m[34m37 |[0m[0m [;1m[35m        [0m[0mreturn = Curses . return
[;1m[34m   |[0m[0m[;1m[35m ^^^^^^^^[0m[0m
[0m[0m[0m[4 of 5] Compiling UI.NCurses       ( .stack-work/dist/x86_64-linux/Cabal-2.4.0.1/build/UI/NCurses.hs, .stack-work/dist/x86_64-linux/Cabal-2.4.0.1/build/UI/NCurses.o )

[;1mlib/UI/NCurses.chs:19:1: [;1m[35mwarning:[0m[0m[;1m [[;1m[35m-Wtabs[0m[0m[;1m][0m[0m[;1m
    Tab character found here, and in 843 further locations.
    Please use spaces instead.[0m[0m
[;1m[34m   |[0m[0m
[;1m[34m19 |[0m[0m [;1m[35m        [0m[0m(
[;1m[34m   |[0m[0m[;1m[35m ^^^^^^^^[0m[0m
[0m[0m[0m
[;1mlib/UI/NCurses.chs:174:1: [;1m[35mwarning:[0m[0m[;1m [[;1m[35m-Wunused-imports[0m[0m[;1m][0m[0m[;1m
    The import of ‘ord’ from module ‘Data.Char’ is redundant[0m[0m
[;1m[34m    |[0m[0m
[;1m[34m174 |[0m[0m [;1m[35mimport           Foreign.C[0m[0m
[;1m[34m    |[0m[0m[;1m[35m ^^^^^^^^^^^^^^^^^^^^^^^^^^^^^^^^^^^^^[0m[0m
[0m[0m[0m
[;1mlib/UI/NCurses.chs:677:9: [;1m[35mwarning:[0m[0m[;1m [[;1m[35m-Wname-shadowing[0m[0m[;1m][0m[0m[;1m
    This binding for ‘maxColor’ shadows the existing binding
      defined at lib/UI/NCurses.chs:596:1[0m[0m
[;1m[34m    |[0m[0m
[;1m[34m677 |[0m[0m         [;1m[35mmaxColor[0m[0m <- unCurses maxColorID
[;1m[34m    |[0m[0m[;1m[35m         ^^^^^^^^[0m[0m
[0m[0m[0m
[;1mlib/UI/NCurses.chs:1293:16: [;1m[35mwarning:[0m[0m[;1m [[;1m[35m-Wname-shadowing[0m[0m[;1m][0m[0m[;1m
    This binding for ‘lines’ shadows the existing binding
      imported from ‘Prelude’ at lib/UI/NCurses.chs:18:8-17
      (and originally defined in ‘base-4.12.0.0:Data.OldList’)[0m[0m
[;1m[34m     |[0m[0m
[;1m[34m1293 |[0m[0m resizeTerminal [;1m[35mlines[0m[0m cols = Curses (io >>= checkRC "resizeTerminal") where
[;1m[34m     |[0m[0m[;1m[35m                ^^^^^[0m[0m
[0m[0m[0m[5 of 5] Compiling UI.NCurses.Panel ( .stack-work/dist/x86_64-linux/Cabal-2.4.0.1/build/UI/NCurses/Panel.hs, .stack-work/dist/x86_64-linux/Cabal-2.4.0.1/build/UI/NCurses/Panel.o )

[;1mlib/UI/NCurses/Panel.chs:19:1: [;1m[35mwarning:[0m[0m[;1m [[;1m[35m-Wtabs[0m[0m[;1m][0m[0m[;1m
    Tab character found here, and in 52 further locations.
    Please use spaces instead.[0m[0m
[;1m[34m   |[0m[0m
[;1m[34m19 |[0m[0m [;1m[35m        [0m[0m( Panel
[;1m[34m   |[0m[0m[;1m[35m ^^^^^^^^[0m[0m
[0m[0m[0m
[;1mlib/UI/NCurses/Panel.chs:37:1: [;1m[35mwarning:[0m[0m[;1m [[;1m[35m-Wunused-imports[0m[0m[;1m][0m[0m[;1m
    The qualified import of ‘Foreign.Ptr’ is redundant
      except perhaps to import instances from ‘Foreign.Ptr’
    To import instances alone, use: import Foreign.Ptr()[0m[0m
[;1m[34m   |[0m[0m
[;1m[34m37 |[0m[0m [;1m[35mimport           Control.Exception (thr[0m[0mowIO)
[;1m[34m   |[0m[0m[;1m[35m ^^^^^^^^^^^^^^^^^^^^^^^^^^^^^^^^^^^^^^^[0m[0m
[0m[0m[0m
[;1mlib/UI/NCurses/Panel.chs:43:1: [;1m[35mwarning:[0m[0m[;1m [[;1m[35m-Wunused-imports[0m[0m[;1m][0m[0m[;1m
    The import of ‘Foreign.C’ is redundant
      except perhaps to import instances from ‘Foreign.C’
    To import instances alone, use: import Foreign.C()[0m[0m
[;1m[34m   |[0m[0m
[;1m[34m43 |[0m[0m [;1m[35m[0m[0m
[;1m[34m   |[0m[0m[;1m[35m ^^^^^^^^^^^^^^^^^^^^^^^^^^[0m[0m
[0m[0m[0m
[;1mlib/UI/NCurses/Panel.chs:45:1: [;1m[35mwarning:[0m[0m[;1m [[;1m[35m-Wunused-imports[0m[0m[;1m][0m[0m[;1m
    The import of ‘UI.NCurses’ is redundant
      except perhaps to import instances from ‘UI.NCurses’
    To import instances alone, use: import UI.NCurses()[0m[0m
[;1m[34m   |[0m[0m
[;1m[34m45 |[0m[0m [;1m[35m[0m[0m
[;1m[34m   |[0m[0m[;1m[35m ^^^^^^^^^^^^^^^^^^^^^^^^^^^^^^^^^^^^[0m[0m
[0m[0m[0mInstalling library in /home/ian/Code/Haskell/turbo/.stack-work/install/x86_64-linux/lts-13.13/8.6.4/lib/x86_64-linux-ghc-8.6.4/ncurses-0.2.16-BuU6mhKwdKSBxyZQmQhh8H
Registering library for ncurses-0.2.16..
